# JRE version: OpenJDK Runtime Environment Temurin-21.0.2+13 (21.0.2+13) (build 21.0.2+13-LTS)
# Java VM: OpenJDK 64-Bit Server VM Temurin-21.0.2+13 (21.0.2+13-LTS, mixed mode, emulated-client, sharing, tiered, compressed oops, compressed class ptrs, g1 gc, windows-amd64)
GC Precious Log:
 CardTable entry size: 512
 Card Set container configuration: InlinePtr #cards 4 size 8 Array Of Cards #cards 16 size 48 Howl #buckets 8 coarsen threshold 3686 Howl Bitmap #cards 512 size 80 coarsen threshold 460 Card regions per heap region 1 cards per card region 4096
 CPUs: 8 total, 8 available
 Memory: 16092M
 Large Page Support: Disabled
 NUMA Support: Disabled
 Compressed Oops: Enabled (Zero based)
 Heap Region Size: 2M
 Heap Min Capacity: 8M
 Heap Initial Capacity: 252M
 Heap Max Capacity: 4024M
 Pre-touch: Disabled
 Parallel Workers: 8
 Concurrent Workers: 2
 Concurrent Refinement Workers: 8
 Periodic GC: Disabled
Heap:
 garbage-first heap   total 102400K, used 40518K [0x0000000704800000, 0x0000000800000000)
  region size 2048K, 7 young (14336K), 3 survivors (6144K)
 Metaspace       used 71457K, committed 72320K, reserved 1114112K
  class space    used 9892K, committed 10176K, reserved 1048576K
GC Heap History (20 events):
Event: 621.344 GC heap after
{Heap after GC invocations=46 (full 7):
 garbage-first heap   total 102400K, used 32424K [0x0000000704800000, 0x0000000800000000)
  region size 2048K, 2 young (4096K), 2 survivors (4096K)
 Metaspace       used 71898K, committed 72448K, reserved 1114112K
  class space    used 9915K, committed 10176K, reserved 1048576K
}
Event: 622.276 GC heap before
{Heap before GC invocations=47 (full 7):
 garbage-first heap   total 102400K, used 85672K [0x0000000704800000, 0x0000000800000000)
  region size 2048K, 29 young (59392K), 2 survivors (4096K)
 Metaspace       used 72079K, committed 72640K, reserved 1114112K
  class space    used 9922K, committed 10176K, reserved 1048576K
}
Event: 622.279 GC heap after
{Heap after GC invocations=48 (full 7):
 garbage-first heap   total 102400K, used 34670K [0x0000000704800000, 0x0000000800000000)
  region size 2048K, 4 young (8192K), 4 survivors (8192K)
 Metaspace       used 72079K, committed 72640K, reserved 1114112K
  class space    used 9922K, committed 10176K, reserved 1048576K
}
Event: 623.167 GC heap before
{Heap before GC invocations=48 (full 7):
 garbage-first heap   total 102400K, used 38766K [0x0000000704800000, 0x0000000800000000)
  region size 2048K, 7 young (14336K), 4 survivors (8192K)
 Metaspace       used 72085K, committed 72640K, reserved 1114112K
  class space    used 9923K, committed 10176K, reserved 1048576K
}
Event: 623.213 GC heap after
{Heap after GC invocations=49 (full 8):
 garbage-first heap   total 102400K, used 26566K [0x0000000704800000, 0x0000000800000000)
  region size 2048K, 0 young (0K), 0 survivors (0K)
 Metaspace       used 71270K, committed 72512K, reserved 1114112K
  class space    used 9847K, committed 10176K, reserved 1048576K
}
Event: 624.016 GC heap before
{Heap before GC invocations=49 (full 8):
 garbage-first heap   total 102400K, used 83910K [0x0000000704800000, 0x0000000800000000)
  region size 2048K, 29 young (59392K), 0 survivors (0K)
 Metaspace       used 71474K, committed 72512K, reserved 1114112K
  class space    used 9873K, committed 10176K, reserved 1048576K
}
Event: 624.022 GC heap after
{Heap after GC invocations=50 (full 8):
 garbage-first heap   total 102400K, used 30930K [0x0000000704800000, 0x0000000800000000)
  region size 2048K, 3 young (6144K), 3 survivors (6144K)
 Metaspace       used 71474K, committed 72512K, reserved 1114112K
  class space    used 9873K, committed 10176K, reserved 1048576K
}
Event: 625.085 GC heap before
{Heap before GC invocations=51 (full 8):
 garbage-first heap   total 102400K, used 82130K [0x0000000704800000, 0x0000000800000000)
  region size 2048K, 29 young (59392K), 3 survivors (6144K)
 Metaspace       used 71684K, committed 72512K, reserved 1114112K
  class space    used 9885K, committed 10176K, reserved 1048576K
}
Event: 625.094 GC heap after
{Heap after GC invocations=52 (full 8):
 garbage-first heap   total 102400K, used 32412K [0x0000000704800000, 0x0000000800000000)
  region size 2048K, 3 young (6144K), 3 survivors (6144K)
 Metaspace       used 71684K, committed 72512K, reserved 1114112K
  class space    used 9885K, committed 10176K, reserved 1048576K
}
Event: 1060.622 GC heap before
{Heap before GC invocations=52 (full 8):
 garbage-first heap   total 102400K, used 83612K [0x0000000704800000, 0x0000000800000000)
  region size 2048K, 29 young (59392K), 3 survivors (6144K)
 Metaspace       used 71741K, committed 72512K, reserved 1114112K
  class space    used 9899K, committed 10176K, reserved 1048576K
}
Event: 1060.633 GC heap after
{Heap after GC invocations=53 (full 8):
 garbage-first heap   total 102400K, used 33943K [0x0000000704800000, 0x0000000800000000)
  region size 2048K, 3 young (6144K), 3 survivors (6144K)
 Metaspace       used 71741K, committed 72512K, reserved 1114112K
  class space    used 9899K, committed 10176K, reserved 1048576K
}
Event: 1507.014 GC heap before
{Heap before GC invocations=53 (full 8):
 garbage-first heap   total 102400K, used 83095K [0x0000000704800000, 0x0000000800000000)
  region size 2048K, 28 young (57344K), 3 survivors (6144K)
 Metaspace       used 71754K, committed 72512K, reserved 1114112K
  class space    used 9901K, committed 10176K, reserved 1048576K
}
Event: 1507.018 GC heap after
{Heap after GC invocations=54 (full 8):
 garbage-first heap   total 102400K, used 34085K [0x0000000704800000, 0x0000000800000000)
  region size 2048K, 3 young (6144K), 3 survivors (6144K)
 Metaspace       used 71754K, committed 72512K, reserved 1114112K
  class space    used 9901K, committed 10176K, reserved 1048576K
}
Event: 1873.244 GC heap before
{Heap before GC invocations=55 (full 8):
 garbage-first heap   total 102400K, used 75045K [0x0000000704800000, 0x0000000800000000)
  region size 2048K, 24 young (49152K), 3 survivors (6144K)
 Metaspace       used 71343K, committed 72448K, reserved 1114112K
  class space    used 9863K, committed 10176K, reserved 1048576K
}
Event: 1873.295 GC heap after
{Heap after GC invocations=56 (full 9):
 garbage-first heap   total 102400K, used 25240K [0x0000000704800000, 0x0000000800000000)
  region size 2048K, 0 young (0K), 0 survivors (0K)
 Metaspace       used 70861K, committed 72256K, reserved 1114112K
  class space    used 9805K, committed 10112K, reserved 1048576K
}
Event: 1874.353 GC heap before
{Heap before GC invocations=56 (full 9):
 garbage-first heap   total 102400K, used 84632K [0x0000000704800000, 0x0000000800000000)
  region size 2048K, 30 young (61440K), 0 survivors (0K)
 Metaspace       used 71206K, committed 72256K, reserved 1114112K
  class space    used 9868K, committed 10112K, reserved 1048576K
}
Event: 1874.356 GC heap after
{Heap after GC invocations=57 (full 9):
 garbage-first heap   total 102400K, used 30718K [0x0000000704800000, 0x0000000800000000)
  region size 2048K, 3 young (6144K), 3 survivors (6144K)
 Metaspace       used 71206K, committed 72256K, reserved 1114112K
  class space    used 9868K, committed 10112K, reserved 1048576K
}
Event: 1874.779 GC heap before
{Heap before GC invocations=58 (full 9):
 garbage-first heap   total 102400K, used 83966K [0x0000000704800000, 0x0000000800000000)
  region size 2048K, 29 young (59392K), 3 survivors (6144K)
 Metaspace       used 71451K, committed 72320K, reserved 1114112K
  class space    used 9891K, committed 10176K, reserved 1048576K
}
Event: 1874.784 GC heap after
{Heap after GC invocations=59 (full 9):
 garbage-first heap   total 102400K, used 34374K [0x0000000704800000, 0x0000000800000000)
  region size 2048K, 3 young (6144K), 3 survivors (6144K)
 Metaspace       used 71451K, committed 72320K, reserved 1114112K
  class space    used 9891K, committed 10176K, reserved 1048576K
}
Event: 1876.343 GC heap before
{Heap before GC invocations=59 (full 9):
 garbage-first heap   total 102400K, used 40518K [0x0000000704800000, 0x0000000800000000)
  region size 2048K, 7 young (14336K), 3 survivors (6144K)
 Metaspace       used 71457K, committed 72320K, reserved 1114112K
  class space    used 9892K, committed 10176K, reserved 1048576K
}

