# JRE version: OpenJDK Runtime Environment Temurin-21.0.2+13 (21.0.2+13) (build 21.0.2+13-LTS)
# Java VM: OpenJDK 64-Bit Server VM Temurin-21.0.2+13 (21.0.2+13-LTS, mixed mode, emulated-client, sharing, tiered, compressed oops, compressed class ptrs, g1 gc, windows-amd64)
GC Precious Log:
 CardTable entry size: 512
 Card Set container configuration: InlinePtr #cards 4 size 8 Array Of Cards #cards 16 size 48 Howl #buckets 8 coarsen threshold 3686 Howl Bitmap #cards 512 size 80 coarsen threshold 460 Card regions per heap region 1 cards per card region 4096
 CPUs: 8 total, 8 available
 Memory: 16092M
 Large Page Support: Disabled
 NUMA Support: Disabled
 Compressed Oops: Enabled (Zero based)
 Heap Region Size: 2M
 Heap Min Capacity: 8M
 Heap Initial Capacity: 252M
 Heap Max Capacity: 4024M
 Pre-touch: Disabled
 Parallel Workers: 8
 Concurrent Workers: 2
 Concurrent Refinement Workers: 8
 Periodic GC: Disabled
Heap:
 garbage-first heap   total 81920K, used 57544K [0x0000000704800000, 0x0000000800000000)
  region size 2048K, 16 young (32768K), 2 survivors (4096K)
 Metaspace       used 66048K, committed 66688K, reserved 1114112K
  class space    used 9046K, committed 9280K, reserved 1048576K
GC Heap History (20 events):
Event: 327.512 GC heap after
{Heap after GC invocations=25 (full 4):
 garbage-first heap   total 98304K, used 28376K [0x0000000704800000, 0x0000000800000000)
  region size 2048K, 2 young (4096K), 2 survivors (4096K)
 Metaspace       used 66092K, committed 66624K, reserved 1114112K
  class space    used 9046K, committed 9280K, reserved 1048576K
}
Event: 414.370 GC heap before
{Heap before GC invocations=25 (full 4):
 garbage-first heap   total 98304K, used 79576K [0x0000000704800000, 0x0000000800000000)
  region size 2048K, 28 young (57344K), 2 survivors (4096K)
 Metaspace       used 66313K, committed 66816K, reserved 1114112K
  class space    used 9069K, committed 9280K, reserved 1048576K
}
Event: 414.376 GC heap after
{Heap after GC invocations=26 (full 4):
 garbage-first heap   total 98304K, used 32296K [0x0000000704800000, 0x0000000800000000)
  region size 2048K, 4 young (8192K), 4 survivors (8192K)
 Metaspace       used 66313K, committed 66816K, reserved 1114112K
  class space    used 9069K, committed 9280K, reserved 1048576K
}
Event: 804.164 GC heap before
{Heap before GC invocations=26 (full 4):
 garbage-first heap   total 98304K, used 58920K [0x0000000704800000, 0x0000000800000000)
  region size 2048K, 18 young (36864K), 4 survivors (8192K)
 Metaspace       used 66316K, committed 66880K, reserved 1114112K
  class space    used 9069K, committed 9280K, reserved 1048576K
}
Event: 804.197 GC heap after
{Heap after GC invocations=27 (full 5):
 garbage-first heap   total 81920K, used 22740K [0x0000000704800000, 0x0000000800000000)
  region size 2048K, 0 young (0K), 0 survivors (0K)
 Metaspace       used 65487K, committed 66752K, reserved 1114112K
  class space    used 8955K, committed 9280K, reserved 1048576K
}
Event: 804.468 GC heap before
{Heap before GC invocations=27 (full 5):
 garbage-first heap   total 81920K, used 65748K [0x0000000704800000, 0x0000000800000000)
  region size 2048K, 22 young (45056K), 0 survivors (0K)
 Metaspace       used 65645K, committed 66752K, reserved 1114112K
  class space    used 8996K, committed 9280K, reserved 1048576K
}
Event: 804.470 GC heap after
{Heap after GC invocations=28 (full 5):
 garbage-first heap   total 81920K, used 26836K [0x0000000704800000, 0x0000000800000000)
  region size 2048K, 2 young (4096K), 2 survivors (4096K)
 Metaspace       used 65645K, committed 66752K, reserved 1114112K
  class space    used 8996K, committed 9280K, reserved 1048576K
}
Event: 804.940 GC heap before
{Heap before GC invocations=28 (full 5):
 garbage-first heap   total 81920K, used 69844K [0x0000000704800000, 0x0000000800000000)
  region size 2048K, 23 young (47104K), 2 survivors (4096K)
 Metaspace       used 65838K, committed 66752K, reserved 1114112K
  class space    used 9026K, committed 9280K, reserved 1048576K
}
Event: 804.943 GC heap after
{Heap after GC invocations=29 (full 5):
 garbage-first heap   total 81920K, used 29749K [0x0000000704800000, 0x0000000800000000)
  region size 2048K, 2 young (4096K), 2 survivors (4096K)
 Metaspace       used 65838K, committed 66752K, reserved 1114112K
  class space    used 9026K, committed 9280K, reserved 1048576K
}
Event: 806.368 GC heap before
{Heap before GC invocations=29 (full 5):
 garbage-first heap   total 81920K, used 35893K [0x0000000704800000, 0x0000000800000000)
  region size 2048K, 6 young (12288K), 2 survivors (4096K)
 Metaspace       used 65841K, committed 66752K, reserved 1114112K
  class space    used 9027K, committed 9280K, reserved 1048576K
}
Event: 806.397 GC heap after
{Heap after GC invocations=30 (full 6):
 garbage-first heap   total 81920K, used 23722K [0x0000000704800000, 0x0000000800000000)
  region size 2048K, 0 young (0K), 0 survivors (0K)
 Metaspace       used 65776K, committed 66688K, reserved 1114112K
  class space    used 9011K, committed 9280K, reserved 1048576K
}
Event: 806.611 GC heap before
{Heap before GC invocations=30 (full 6):
 garbage-first heap   total 81920K, used 66730K [0x0000000704800000, 0x0000000800000000)
  region size 2048K, 21 young (43008K), 0 survivors (0K)
 Metaspace       used 65814K, committed 66688K, reserved 1114112K
  class space    used 9020K, committed 9280K, reserved 1048576K
}
Event: 806.613 GC heap after
{Heap after GC invocations=31 (full 6):
 garbage-first heap   total 81920K, used 26721K [0x0000000704800000, 0x0000000800000000)
  region size 2048K, 2 young (4096K), 2 survivors (4096K)
 Metaspace       used 65814K, committed 66688K, reserved 1114112K
  class space    used 9020K, committed 9280K, reserved 1048576K
}
Event: 807.445 GC heap before
{Heap before GC invocations=31 (full 6):
 garbage-first heap   total 81920K, used 65633K [0x0000000704800000, 0x0000000800000000)
  region size 2048K, 22 young (45056K), 2 survivors (4096K)
 Metaspace       used 65928K, committed 66688K, reserved 1114112K
  class space    used 9030K, committed 9280K, reserved 1048576K
}
Event: 807.448 GC heap after
{Heap after GC invocations=32 (full 6):
 garbage-first heap   total 81920K, used 28335K [0x0000000704800000, 0x0000000800000000)
  region size 2048K, 3 young (6144K), 3 survivors (6144K)
 Metaspace       used 65928K, committed 66688K, reserved 1114112K
  class space    used 9030K, committed 9280K, reserved 1048576K
}
Event: 1173.628 GC heap before
{Heap before GC invocations=32 (full 6):
 garbage-first heap   total 81920K, used 67247K [0x0000000704800000, 0x0000000800000000)
  region size 2048K, 22 young (45056K), 3 survivors (6144K)
 Metaspace       used 66006K, committed 66688K, reserved 1114112K
  class space    used 9036K, committed 9280K, reserved 1048576K
}
Event: 1173.631 GC heap after
{Heap after GC invocations=33 (full 6):
 garbage-first heap   total 81920K, used 30405K [0x0000000704800000, 0x0000000800000000)
  region size 2048K, 3 young (6144K), 3 survivors (6144K)
 Metaspace       used 66006K, committed 66688K, reserved 1114112K
  class space    used 9036K, committed 9280K, reserved 1048576K
}
Event: 1642.675 GC heap before
{Heap before GC invocations=33 (full 6):
 garbage-first heap   total 81920K, used 65221K [0x0000000704800000, 0x0000000800000000)
  region size 2048K, 20 young (40960K), 3 survivors (6144K)
 Metaspace       used 66046K, committed 66688K, reserved 1114112K
  class space    used 9045K, committed 9280K, reserved 1048576K
}
Event: 1642.680 GC heap after
{Heap after GC invocations=34 (full 6):
 garbage-first heap   total 81920K, used 30920K [0x0000000704800000, 0x0000000800000000)
  region size 2048K, 2 young (4096K), 2 survivors (4096K)
 Metaspace       used 66046K, committed 66688K, reserved 1114112K
  class space    used 9045K, committed 9280K, reserved 1048576K
}
Event: 2020.181 GC heap before
{Heap before GC invocations=34 (full 6):
 garbage-first heap   total 81920K, used 57544K [0x0000000704800000, 0x0000000800000000)
  region size 2048K, 16 young (32768K), 2 survivors (4096K)
 Metaspace       used 66048K, committed 66688K, reserved 1114112K
  class space    used 9046K, committed 9280K, reserved 1048576K
}

